<?xml version="1.0" encoding="UTF-8" ?>
<testsuite failures="0" time="0.081" errors="0" skipped="0" tests="4" name="com.martinetherton.ons.service.PersonServiceIntegrationTest">
  <properties>
[...]
</properties>
  <testcase time="0.067" classname="com.martinetherton.ons.service.PersonServiceIntegrationTest" name="insertPerson"/>
  <testcase time="0.001" classname="com.martinetherton.ons.service.PersonServiceIntegrationTest" name="getPerson"/>
  <testcase time="0.01" classname="com.martinetherton.ons.service.PersonServiceIntegrationTest" name="pointcutMethod"/>
  <testcase time="0.001" classname="com.martinetherton.ons.service.PersonServiceIntegrationTest" name="dummyTestNeededToAvoidErrorWhenRunningAllTests"/>
</testsuite>